[
  {
    "line": 2,
    "elements": [
      {
        "line": 5,
        "name": "Verify landing page",
        "description": "",
        "id": "running-ocusell-dev-server-script;verify-landing-page",
        "type": "scenario",
        "keyword": "Scenario",
        "steps": [
          {
            "result": {
              "duration": 11427192100,
              "status": "passed"
            },
            "line": 6,
            "name": "Launch browser and load dev server URL",
            "match": {
              "location": "LandingPage.launch_browser_and_load_dev_server_URL()"
            },
            "keyword": "Given "
          },
          {
            "result": {
              "duration": 10414949600,
              "status": "passed"
            },
            "line": 7,
            "name": "Verify links are working",
            "match": {
              "location": "LandingPage.verify_links_are_working()"
            },
            "keyword": "When "
          },
          {
            "result": {
              "duration": 6361701000,
              "status": "passed"
            },
            "line": 8,
            "name": "Verify yearly price",
            "match": {
              "location": "LandingPage.Verify_yearly_price()"
            },
            "keyword": "Then "
          }
        ],
        "tags": [
          {
            "line": 4,
            "name": "@Landingpage"
          }
        ]
      },
      {
        "line": 11,
        "name": "Verify login page",
        "description": "",
        "id": "running-ocusell-dev-server-script;verify-login-page",
        "type": "scenario",
        "keyword": "Scenario",
        "steps": [
          {
            "result": {
              "duration": 362701400,
              "error_message": "java.lang.AssertionError: expected [Login Page | Ocusell | Ocusell] but found [Home Page | Ocusell | Ocusell]\r\n\tat org.testng.Assert.fail(Assert.java:99)\r\n\tat org.testng.Assert.failNotEquals(Assert.java:1037)\r\n\tat org.testng.Assert.assertEqualsImpl(Assert.java:140)\r\n\tat org.testng.Assert.assertEquals(Assert.java:122)\r\n\tat org.testng.Assert.assertEquals(Assert.java:629)\r\n\tat org.testng.Assert.assertEquals(Assert.java:639)\r\n\tat OcusellPack.Login.launch_login_page(Login.java:23)\r\n\tat ✽.Given Launch login page(ocusell.feature:12)\r\n",
              "status": "failed"
            },
            "line": 12,
            "name": "Launch login page",
            "match": {
              "location": "Login.launch_login_page()"
            },
            "keyword": "Given "
          },
          {
            "result": {
              "status": "skipped"
            },
            "line": 13,
            "name": "Verify failure message with incorrect details",
            "match": {
              "location": "Login.verify_failure_message_with_incorrect_details()"
            },
            "keyword": "When "
          },
          {
            "result": {
              "status": "skipped"
            },
            "line": 14,
            "name": "Verify login page with correct details",
            "match": {
              "location": "Login.verify_login_page_with_correct_details()"
            },
            "keyword": "And "
          },
          {
            "result": {
              "status": "skipped"
            },
            "line": 15,
            "name": "Verify success message",
            "match": {
              "location": "Login.verify_success_message()"
            },
            "keyword": "Then "
          }
        ],
        "tags": [
          {
            "line": 10,
            "name": "@Login"
          }
        ]
      },
      {
        "line": 18,
        "name": "Verify Dashboard page",
        "description": "",
        "id": "running-ocusell-dev-server-script;verify-dashboard-page",
        "type": "scenario",
        "keyword": "Scenario",
        "steps": [
          {
            "result": {
              "duration": 6441900,
              "status": "passed"
            },
            "line": 19,
            "name": "Verify page title",
            "match": {
              "location": "Dashboard.verify_page_title()"
            },
            "keyword": "Given "
          },
          {
            "result": {
              "duration": 32236300,
              "error_message": "org.openqa.selenium.NoSuchElementException: Unable to locate element: //*[@class\u003d\u0027 active \u0027]//span\nFor documentation on this error, please visit: https://www.seleniumhq.org/exceptions/no_such_element.html\nBuild info: version: \u00273.141.59\u0027, revision: \u0027e82be7d358\u0027, time: \u00272018-11-14T08:25:53\u0027\nSystem info: host: \u0027DESKTOP-QS30KNM\u0027, ip: \u0027192.168.0.10\u0027, os.name: \u0027Windows 10\u0027, os.arch: \u0027amd64\u0027, os.version: \u002710.0\u0027, java.version: \u002715.0.1\u0027\nDriver info: org.openqa.selenium.firefox.FirefoxDriver\nCapabilities {acceptInsecureCerts: true, browserName: firefox, browserVersion: 88.0.1, javascriptEnabled: true, moz:accessibilityChecks: false, moz:buildID: 20210504152106, moz:geckodriverVersion: 0.28.0, moz:headless: false, moz:processID: 1968, moz:profile: C:\\Users\\FE13264\\AppData\\Lo..., moz:shutdownTimeout: 60000, moz:useNonSpecCompliantPointerOrigin: false, moz:webdriverClick: true, pageLoadStrategy: normal, platform: WINDOWS, platformName: WINDOWS, platformVersion: 10.0, rotatable: false, setWindowRect: true, strictFileInteractability: false, timeouts: {implicit: 0, pageLoad: 300000, script: 30000}, unhandledPromptBehavior: dismiss and notify}\nSession ID: 1815a238-161e-4843-8120-6e36a90c0aef\n*** Element info: {Using\u003dxpath, value\u003d//*[@class\u003d\u0027 active \u0027]//span}\r\n\tat java.base/jdk.internal.reflect.NativeConstructorAccessorImpl.newInstance0(Native Method)\r\n\tat java.base/jdk.internal.reflect.NativeConstructorAccessorImpl.newInstance(NativeConstructorAccessorImpl.java:64)\r\n\tat java.base/jdk.internal.reflect.DelegatingConstructorAccessorImpl.newInstance(DelegatingConstructorAccessorImpl.java:45)\r\n\tat java.base/java.lang.reflect.Constructor.newInstanceWithCaller(Constructor.java:500)\r\n\tat java.base/java.lang.reflect.Constructor.newInstance(Constructor.java:481)\r\n\tat org.openqa.selenium.remote.http.W3CHttpResponseCodec.createException(W3CHttpResponseCodec.java:187)\r\n\tat org.openqa.selenium.remote.http.W3CHttpResponseCodec.decode(W3CHttpResponseCodec.java:122)\r\n\tat org.openqa.selenium.remote.http.W3CHttpResponseCodec.decode(W3CHttpResponseCodec.java:49)\r\n\tat org.openqa.selenium.remote.HttpCommandExecutor.execute(HttpCommandExecutor.java:158)\r\n\tat org.openqa.selenium.remote.service.DriverCommandExecutor.execute(DriverCommandExecutor.java:83)\r\n\tat org.openqa.selenium.remote.RemoteWebDriver.execute(RemoteWebDriver.java:552)\r\n\tat org.openqa.selenium.remote.RemoteWebDriver.findElement(RemoteWebDriver.java:323)\r\n\tat org.openqa.selenium.remote.RemoteWebDriver.findElementByXPath(RemoteWebDriver.java:428)\r\n\tat org.openqa.selenium.By$ByXPath.findElement(By.java:353)\r\n\tat org.openqa.selenium.remote.RemoteWebDriver.findElement(RemoteWebDriver.java:315)\r\n\tat OcusellPack.Dashboard.check_active_counts(Dashboard.java:23)\r\n\tat ✽.When check active counts(ocusell.feature:20)\r\n",
              "status": "failed"
            },
            "line": 20,
            "name": "check active counts",
            "match": {
              "location": "Dashboard.check_active_counts()"
            },
            "keyword": "When "
          },
          {
            "result": {
              "status": "skipped"
            },
            "line": 21,
            "name": "total counts and confirm the user account",
            "match": {
              "location": "Dashboard.total_counts_and_confirm_the_user_account()"
            },
            "keyword": "Then "
          }
        ],
        "tags": [
          {
            "line": 17,
            "name": "@Dashboard"
          }
        ]
      },
      {
        "line": 24,
        "name": "Verify MyCollaborate page",
        "description": "",
        "id": "running-ocusell-dev-server-script;verify-mycollaborate-page",
        "type": "scenario",
        "keyword": "Scenario",
        "steps": [
          {
            "result": {
              "duration": 11465900,
              "error_message": "org.openqa.selenium.NoSuchElementException: Unable to locate element: //*[contains(text(),\u0027Collaborate\u0027)]\nFor documentation on this error, please visit: https://www.seleniumhq.org/exceptions/no_such_element.html\nBuild info: version: \u00273.141.59\u0027, revision: \u0027e82be7d358\u0027, time: \u00272018-11-14T08:25:53\u0027\nSystem info: host: \u0027DESKTOP-QS30KNM\u0027, ip: \u0027192.168.0.10\u0027, os.name: \u0027Windows 10\u0027, os.arch: \u0027amd64\u0027, os.version: \u002710.0\u0027, java.version: \u002715.0.1\u0027\nDriver info: org.openqa.selenium.firefox.FirefoxDriver\nCapabilities {acceptInsecureCerts: true, browserName: firefox, browserVersion: 88.0.1, javascriptEnabled: true, moz:accessibilityChecks: false, moz:buildID: 20210504152106, moz:geckodriverVersion: 0.28.0, moz:headless: false, moz:processID: 1968, moz:profile: C:\\Users\\FE13264\\AppData\\Lo..., moz:shutdownTimeout: 60000, moz:useNonSpecCompliantPointerOrigin: false, moz:webdriverClick: true, pageLoadStrategy: normal, platform: WINDOWS, platformName: WINDOWS, platformVersion: 10.0, rotatable: false, setWindowRect: true, strictFileInteractability: false, timeouts: {implicit: 0, pageLoad: 300000, script: 30000}, unhandledPromptBehavior: dismiss and notify}\nSession ID: 1815a238-161e-4843-8120-6e36a90c0aef\n*** Element info: {Using\u003dxpath, value\u003d//*[contains(text(),\u0027Collaborate\u0027)]}\r\n\tat java.base/jdk.internal.reflect.NativeConstructorAccessorImpl.newInstance0(Native Method)\r\n\tat java.base/jdk.internal.reflect.NativeConstructorAccessorImpl.newInstance(NativeConstructorAccessorImpl.java:64)\r\n\tat java.base/jdk.internal.reflect.DelegatingConstructorAccessorImpl.newInstance(DelegatingConstructorAccessorImpl.java:45)\r\n\tat java.base/java.lang.reflect.Constructor.newInstanceWithCaller(Constructor.java:500)\r\n\tat java.base/java.lang.reflect.Constructor.newInstance(Constructor.java:481)\r\n\tat org.openqa.selenium.remote.http.W3CHttpResponseCodec.createException(W3CHttpResponseCodec.java:187)\r\n\tat org.openqa.selenium.remote.http.W3CHttpResponseCodec.decode(W3CHttpResponseCodec.java:122)\r\n\tat org.openqa.selenium.remote.http.W3CHttpResponseCodec.decode(W3CHttpResponseCodec.java:49)\r\n\tat org.openqa.selenium.remote.HttpCommandExecutor.execute(HttpCommandExecutor.java:158)\r\n\tat org.openqa.selenium.remote.service.DriverCommandExecutor.execute(DriverCommandExecutor.java:83)\r\n\tat org.openqa.selenium.remote.RemoteWebDriver.execute(RemoteWebDriver.java:552)\r\n\tat org.openqa.selenium.remote.RemoteWebDriver.findElement(RemoteWebDriver.java:323)\r\n\tat org.openqa.selenium.remote.RemoteWebDriver.findElementByXPath(RemoteWebDriver.java:428)\r\n\tat org.openqa.selenium.By$ByXPath.findElement(By.java:353)\r\n\tat org.openqa.selenium.remote.RemoteWebDriver.findElement(RemoteWebDriver.java:315)\r\n\tat OcusellPack.MyCollaboratePage.verify_search_is_working_good(MyCollaboratePage.java:24)\r\n\tat ✽.Given Verify search is working good(ocusell.feature:25)\r\n",
              "status": "failed"
            },
            "line": 25,
            "name": "Verify search is working good",
            "match": {
              "location": "MyCollaboratePage.verify_search_is_working_good()"
            },
            "keyword": "Given "
          },
          {
            "result": {
              "status": "skipped"
            },
            "line": 26,
            "name": "Verify View and Collaborate link is there",
            "match": {
              "location": "MyCollaboratePage.verify_View_and_Collaborate_link_is_there()"
            },
            "keyword": "When "
          },
          {
            "result": {
              "status": "skipped"
            },
            "line": 27,
            "name": "Verify search filter counts are showing correctly",
            "match": {
              "location": "MyCollaboratePage.verify_search_filter_counts_are_showing_correctly()"
            },
            "keyword": "Then "
          }
        ],
        "tags": [
          {
            "line": 23,
            "name": "@MyCollaborate"
          }
        ]
      },
      {
        "line": 30,
        "name": "Verify view collaborate page",
        "description": "",
        "id": "running-ocusell-dev-server-script;verify-view-collaborate-page",
        "type": "scenario",
        "keyword": "Scenario",
        "steps": [
          {
            "result": {
              "duration": 12872800,
              "error_message": "org.openqa.selenium.NoSuchElementException: Unable to locate element: #clear_all\nFor documentation on this error, please visit: https://www.seleniumhq.org/exceptions/no_such_element.html\nBuild info: version: \u00273.141.59\u0027, revision: \u0027e82be7d358\u0027, time: \u00272018-11-14T08:25:53\u0027\nSystem info: host: \u0027DESKTOP-QS30KNM\u0027, ip: \u0027192.168.0.10\u0027, os.name: \u0027Windows 10\u0027, os.arch: \u0027amd64\u0027, os.version: \u002710.0\u0027, java.version: \u002715.0.1\u0027\nDriver info: org.openqa.selenium.firefox.FirefoxDriver\nCapabilities {acceptInsecureCerts: true, browserName: firefox, browserVersion: 88.0.1, javascriptEnabled: true, moz:accessibilityChecks: false, moz:buildID: 20210504152106, moz:geckodriverVersion: 0.28.0, moz:headless: false, moz:processID: 1968, moz:profile: C:\\Users\\FE13264\\AppData\\Lo..., moz:shutdownTimeout: 60000, moz:useNonSpecCompliantPointerOrigin: false, moz:webdriverClick: true, pageLoadStrategy: normal, platform: WINDOWS, platformName: WINDOWS, platformVersion: 10.0, rotatable: false, setWindowRect: true, strictFileInteractability: false, timeouts: {implicit: 0, pageLoad: 300000, script: 30000}, unhandledPromptBehavior: dismiss and notify}\nSession ID: 1815a238-161e-4843-8120-6e36a90c0aef\n*** Element info: {Using\u003did, value\u003dclear_all}\r\n\tat java.base/jdk.internal.reflect.NativeConstructorAccessorImpl.newInstance0(Native Method)\r\n\tat java.base/jdk.internal.reflect.NativeConstructorAccessorImpl.newInstance(NativeConstructorAccessorImpl.java:64)\r\n\tat java.base/jdk.internal.reflect.DelegatingConstructorAccessorImpl.newInstance(DelegatingConstructorAccessorImpl.java:45)\r\n\tat java.base/java.lang.reflect.Constructor.newInstanceWithCaller(Constructor.java:500)\r\n\tat java.base/java.lang.reflect.Constructor.newInstance(Constructor.java:481)\r\n\tat org.openqa.selenium.remote.http.W3CHttpResponseCodec.createException(W3CHttpResponseCodec.java:187)\r\n\tat org.openqa.selenium.remote.http.W3CHttpResponseCodec.decode(W3CHttpResponseCodec.java:122)\r\n\tat org.openqa.selenium.remote.http.W3CHttpResponseCodec.decode(W3CHttpResponseCodec.java:49)\r\n\tat org.openqa.selenium.remote.HttpCommandExecutor.execute(HttpCommandExecutor.java:158)\r\n\tat org.openqa.selenium.remote.service.DriverCommandExecutor.execute(DriverCommandExecutor.java:83)\r\n\tat org.openqa.selenium.remote.RemoteWebDriver.execute(RemoteWebDriver.java:552)\r\n\tat org.openqa.selenium.remote.RemoteWebDriver.findElement(RemoteWebDriver.java:323)\r\n\tat org.openqa.selenium.remote.RemoteWebDriver.findElementById(RemoteWebDriver.java:372)\r\n\tat org.openqa.selenium.By$ById.findElement(By.java:188)\r\n\tat org.openqa.selenium.remote.RemoteWebDriver.findElement(RemoteWebDriver.java:315)\r\n\tat OcusellPack.ViewCollaborate.goto_view_collaborate_screen(ViewCollaborate.java:19)\r\n\tat ✽.Given Goto view collaborate screen(ocusell.feature:31)\r\n",
              "status": "failed"
            },
            "line": 31,
            "name": "Goto view collaborate screen",
            "match": {
              "location": "ViewCollaborate.goto_view_collaborate_screen()"
            },
            "keyword": "Given "
          },
          {
            "result": {
              "status": "skipped"
            },
            "line": 32,
            "name": "Verify firstname and lastname of the user",
            "match": {
              "location": "ViewCollaborate.verify_firstname_and_lastname_of_the_user()"
            },
            "keyword": "When "
          },
          {
            "result": {
              "status": "skipped"
            },
            "line": 33,
            "name": "Verify listing assigned for that user",
            "match": {
              "location": "ViewCollaborate.verify_listing_assigned_for_that_user()"
            },
            "keyword": "And "
          },
          {
            "result": {
              "status": "skipped"
            },
            "line": 34,
            "name": "Close the window",
            "match": {
              "location": "ViewCollaborate.close_the_window()"
            },
            "keyword": "Then "
          }
        ],
        "tags": [
          {
            "line": 29,
            "name": "@ViewCollaborate"
          }
        ]
      },
      {
        "line": 37,
        "name": "Verify edit collaborate page",
        "description": "",
        "id": "running-ocusell-dev-server-script;verify-edit-collaborate-page",
        "type": "scenario",
        "keyword": "Scenario",
        "steps": [
          {
            "result": {
              "duration": 7453600,
              "error_message": "org.openqa.selenium.NoSuchElementException: Unable to locate element: #clear_all\nFor documentation on this error, please visit: https://www.seleniumhq.org/exceptions/no_such_element.html\nBuild info: version: \u00273.141.59\u0027, revision: \u0027e82be7d358\u0027, time: \u00272018-11-14T08:25:53\u0027\nSystem info: host: \u0027DESKTOP-QS30KNM\u0027, ip: \u0027192.168.0.10\u0027, os.name: \u0027Windows 10\u0027, os.arch: \u0027amd64\u0027, os.version: \u002710.0\u0027, java.version: \u002715.0.1\u0027\nDriver info: org.openqa.selenium.firefox.FirefoxDriver\nCapabilities {acceptInsecureCerts: true, browserName: firefox, browserVersion: 88.0.1, javascriptEnabled: true, moz:accessibilityChecks: false, moz:buildID: 20210504152106, moz:geckodriverVersion: 0.28.0, moz:headless: false, moz:processID: 1968, moz:profile: C:\\Users\\FE13264\\AppData\\Lo..., moz:shutdownTimeout: 60000, moz:useNonSpecCompliantPointerOrigin: false, moz:webdriverClick: true, pageLoadStrategy: normal, platform: WINDOWS, platformName: WINDOWS, platformVersion: 10.0, rotatable: false, setWindowRect: true, strictFileInteractability: false, timeouts: {implicit: 0, pageLoad: 300000, script: 30000}, unhandledPromptBehavior: dismiss and notify}\nSession ID: 1815a238-161e-4843-8120-6e36a90c0aef\n*** Element info: {Using\u003did, value\u003dclear_all}\r\n\tat java.base/jdk.internal.reflect.NativeConstructorAccessorImpl.newInstance0(Native Method)\r\n\tat java.base/jdk.internal.reflect.NativeConstructorAccessorImpl.newInstance(NativeConstructorAccessorImpl.java:64)\r\n\tat java.base/jdk.internal.reflect.DelegatingConstructorAccessorImpl.newInstance(DelegatingConstructorAccessorImpl.java:45)\r\n\tat java.base/java.lang.reflect.Constructor.newInstanceWithCaller(Constructor.java:500)\r\n\tat java.base/java.lang.reflect.Constructor.newInstance(Constructor.java:481)\r\n\tat org.openqa.selenium.remote.http.W3CHttpResponseCodec.createException(W3CHttpResponseCodec.java:187)\r\n\tat org.openqa.selenium.remote.http.W3CHttpResponseCodec.decode(W3CHttpResponseCodec.java:122)\r\n\tat org.openqa.selenium.remote.http.W3CHttpResponseCodec.decode(W3CHttpResponseCodec.java:49)\r\n\tat org.openqa.selenium.remote.HttpCommandExecutor.execute(HttpCommandExecutor.java:158)\r\n\tat org.openqa.selenium.remote.service.DriverCommandExecutor.execute(DriverCommandExecutor.java:83)\r\n\tat org.openqa.selenium.remote.RemoteWebDriver.execute(RemoteWebDriver.java:552)\r\n\tat org.openqa.selenium.remote.RemoteWebDriver.findElement(RemoteWebDriver.java:323)\r\n\tat org.openqa.selenium.remote.RemoteWebDriver.findElementById(RemoteWebDriver.java:372)\r\n\tat org.openqa.selenium.By$ById.findElement(By.java:188)\r\n\tat org.openqa.selenium.remote.RemoteWebDriver.findElement(RemoteWebDriver.java:315)\r\n\tat OcusellPack.EditCollaborate.goto_view_collaborate_page(EditCollaborate.java:17)\r\n\tat ✽.Given Goto view collaborate page(ocusell.feature:38)\r\n",
              "status": "failed"
            },
            "line": 38,
            "name": "Goto view collaborate page",
            "match": {
              "location": "EditCollaborate.goto_view_collaborate_page()"
            },
            "keyword": "Given "
          },
          {
            "result": {
              "status": "skipped"
            },
            "line": 39,
            "name": "Edit contact and update",
            "match": {
              "location": "EditCollaborate.edit_contact_and_update()"
            },
            "keyword": "When "
          },
          {
            "result": {
              "status": "skipped"
            },
            "line": 40,
            "name": "Verify details are updated on the my collaborate page",
            "match": {
              "location": "EditCollaborate.verify_details_are_updated_on_the_my_collaborate_page()"
            },
            "keyword": "And "
          }
        ],
        "tags": [
          {
            "line": 36,
            "name": "@EditCollaborate"
          }
        ]
      },
      {
        "line": 43,
        "name": "Verify collaborate page",
        "description": "",
        "id": "running-ocusell-dev-server-script;verify-collaborate-page",
        "type": "scenario",
        "keyword": "Scenario",
        "steps": [
          {
            "result": {
              "duration": 10264900,
              "error_message": "org.openqa.selenium.NoSuchElementException: Unable to locate element: #clear_all\nFor documentation on this error, please visit: https://www.seleniumhq.org/exceptions/no_such_element.html\nBuild info: version: \u00273.141.59\u0027, revision: \u0027e82be7d358\u0027, time: \u00272018-11-14T08:25:53\u0027\nSystem info: host: \u0027DESKTOP-QS30KNM\u0027, ip: \u0027192.168.0.10\u0027, os.name: \u0027Windows 10\u0027, os.arch: \u0027amd64\u0027, os.version: \u002710.0\u0027, java.version: \u002715.0.1\u0027\nDriver info: org.openqa.selenium.firefox.FirefoxDriver\nCapabilities {acceptInsecureCerts: true, browserName: firefox, browserVersion: 88.0.1, javascriptEnabled: true, moz:accessibilityChecks: false, moz:buildID: 20210504152106, moz:geckodriverVersion: 0.28.0, moz:headless: false, moz:processID: 1968, moz:profile: C:\\Users\\FE13264\\AppData\\Lo..., moz:shutdownTimeout: 60000, moz:useNonSpecCompliantPointerOrigin: false, moz:webdriverClick: true, pageLoadStrategy: normal, platform: WINDOWS, platformName: WINDOWS, platformVersion: 10.0, rotatable: false, setWindowRect: true, strictFileInteractability: false, timeouts: {implicit: 0, pageLoad: 300000, script: 30000}, unhandledPromptBehavior: dismiss and notify}\nSession ID: 1815a238-161e-4843-8120-6e36a90c0aef\n*** Element info: {Using\u003did, value\u003dclear_all}\r\n\tat java.base/jdk.internal.reflect.NativeConstructorAccessorImpl.newInstance0(Native Method)\r\n\tat java.base/jdk.internal.reflect.NativeConstructorAccessorImpl.newInstance(NativeConstructorAccessorImpl.java:64)\r\n\tat java.base/jdk.internal.reflect.DelegatingConstructorAccessorImpl.newInstance(DelegatingConstructorAccessorImpl.java:45)\r\n\tat java.base/java.lang.reflect.Constructor.newInstanceWithCaller(Constructor.java:500)\r\n\tat java.base/java.lang.reflect.Constructor.newInstance(Constructor.java:481)\r\n\tat org.openqa.selenium.remote.http.W3CHttpResponseCodec.createException(W3CHttpResponseCodec.java:187)\r\n\tat org.openqa.selenium.remote.http.W3CHttpResponseCodec.decode(W3CHttpResponseCodec.java:122)\r\n\tat org.openqa.selenium.remote.http.W3CHttpResponseCodec.decode(W3CHttpResponseCodec.java:49)\r\n\tat org.openqa.selenium.remote.HttpCommandExecutor.execute(HttpCommandExecutor.java:158)\r\n\tat org.openqa.selenium.remote.service.DriverCommandExecutor.execute(DriverCommandExecutor.java:83)\r\n\tat org.openqa.selenium.remote.RemoteWebDriver.execute(RemoteWebDriver.java:552)\r\n\tat org.openqa.selenium.remote.RemoteWebDriver.findElement(RemoteWebDriver.java:323)\r\n\tat org.openqa.selenium.remote.RemoteWebDriver.findElementById(RemoteWebDriver.java:372)\r\n\tat org.openqa.selenium.By$ById.findElement(By.java:188)\r\n\tat org.openqa.selenium.remote.RemoteWebDriver.findElement(RemoteWebDriver.java:315)\r\n\tat OcusellPack.Collaborate.search_any_user_then_click_collaborate_link(Collaborate.java:20)\r\n\tat ✽.Given Search any user then click collaborate link(ocusell.feature:44)\r\n",
              "status": "failed"
            },
            "line": 44,
            "name": "Search any user then click collaborate link",
            "match": {
              "location": "Collaborate.search_any_user_then_click_collaborate_link()"
            },
            "keyword": "Given "
          },
          {
            "result": {
              "status": "skipped"
            },
            "line": 45,
            "name": "Verify firstname and lastname on the popup",
            "match": {
              "location": "Collaborate.verify_firstname_and_lastname_on_the_popup()"
            },
            "keyword": "When "
          },
          {
            "result": {
              "status": "skipped"
            },
            "line": 46,
            "name": "Assign listing if there",
            "match": {
              "location": "Collaborate.assign_listing_if_there()"
            },
            "keyword": "Then "
          },
          {
            "result": {
              "status": "skipped"
            },
            "line": 47,
            "name": "Verify assigned listing is displayed on My collaborators page",
            "match": {
              "location": "Collaborate.verify_assigned_listing_is_displayed_on_My_collaborators_page()"
            },
            "keyword": "And "
          }
        ],
        "tags": [
          {
            "line": 42,
            "name": "@CollaboratePopup"
          }
        ]
      },
      {
        "comments": [
          {
            "line": 49,
            "value": "#send new invite comes here"
          }
        ],
        "line": 52,
        "name": "Verify settings page",
        "description": "",
        "id": "running-ocusell-dev-server-script;verify-settings-page",
        "type": "scenario",
        "keyword": "Scenario",
        "steps": [
          {
            "result": {
              "duration": 19318800,
              "error_message": "org.openqa.selenium.NoSuchElementException: Unable to locate element: //div[@id\u003d\u0027sidebar-wrapper\u0027]/div/a[4]/span[2]\nFor documentation on this error, please visit: https://www.seleniumhq.org/exceptions/no_such_element.html\nBuild info: version: \u00273.141.59\u0027, revision: \u0027e82be7d358\u0027, time: \u00272018-11-14T08:25:53\u0027\nSystem info: host: \u0027DESKTOP-QS30KNM\u0027, ip: \u0027192.168.0.10\u0027, os.name: \u0027Windows 10\u0027, os.arch: \u0027amd64\u0027, os.version: \u002710.0\u0027, java.version: \u002715.0.1\u0027\nDriver info: org.openqa.selenium.firefox.FirefoxDriver\nCapabilities {acceptInsecureCerts: true, browserName: firefox, browserVersion: 88.0.1, javascriptEnabled: true, moz:accessibilityChecks: false, moz:buildID: 20210504152106, moz:geckodriverVersion: 0.28.0, moz:headless: false, moz:processID: 1968, moz:profile: C:\\Users\\FE13264\\AppData\\Lo..., moz:shutdownTimeout: 60000, moz:useNonSpecCompliantPointerOrigin: false, moz:webdriverClick: true, pageLoadStrategy: normal, platform: WINDOWS, platformName: WINDOWS, platformVersion: 10.0, rotatable: false, setWindowRect: true, strictFileInteractability: false, timeouts: {implicit: 0, pageLoad: 300000, script: 30000}, unhandledPromptBehavior: dismiss and notify}\nSession ID: 1815a238-161e-4843-8120-6e36a90c0aef\n*** Element info: {Using\u003dxpath, value\u003d//div[@id\u003d\u0027sidebar-wrapper\u0027]/div/a[4]/span[2]}\r\n\tat java.base/jdk.internal.reflect.NativeConstructorAccessorImpl.newInstance0(Native Method)\r\n\tat java.base/jdk.internal.reflect.NativeConstructorAccessorImpl.newInstance(NativeConstructorAccessorImpl.java:64)\r\n\tat java.base/jdk.internal.reflect.DelegatingConstructorAccessorImpl.newInstance(DelegatingConstructorAccessorImpl.java:45)\r\n\tat java.base/java.lang.reflect.Constructor.newInstanceWithCaller(Constructor.java:500)\r\n\tat java.base/java.lang.reflect.Constructor.newInstance(Constructor.java:481)\r\n\tat org.openqa.selenium.remote.http.W3CHttpResponseCodec.createException(W3CHttpResponseCodec.java:187)\r\n\tat org.openqa.selenium.remote.http.W3CHttpResponseCodec.decode(W3CHttpResponseCodec.java:122)\r\n\tat org.openqa.selenium.remote.http.W3CHttpResponseCodec.decode(W3CHttpResponseCodec.java:49)\r\n\tat org.openqa.selenium.remote.HttpCommandExecutor.execute(HttpCommandExecutor.java:158)\r\n\tat org.openqa.selenium.remote.service.DriverCommandExecutor.execute(DriverCommandExecutor.java:83)\r\n\tat org.openqa.selenium.remote.RemoteWebDriver.execute(RemoteWebDriver.java:552)\r\n\tat org.openqa.selenium.remote.RemoteWebDriver.findElement(RemoteWebDriver.java:323)\r\n\tat org.openqa.selenium.remote.RemoteWebDriver.findElementByXPath(RemoteWebDriver.java:428)\r\n\tat org.openqa.selenium.By$ByXPath.findElement(By.java:353)\r\n\tat org.openqa.selenium.remote.RemoteWebDriver.findElement(RemoteWebDriver.java:315)\r\n\tat OcusellPack.Settings.goto_settings_page_and_verify_title(Settings.java:19)\r\n\tat ✽.Given Goto settings page and verify title(ocusell.feature:53)\r\n",
              "status": "failed"
            },
            "line": 53,
            "name": "Goto settings page and verify title",
            "match": {
              "location": "Settings.goto_settings_page_and_verify_title()"
            },
            "keyword": "Given "
          },
          {
            "result": {
              "status": "skipped"
            },
            "line": 54,
            "name": "verify list of options",
            "match": {
              "location": "Settings.verify_list_of_options()"
            },
            "keyword": "When "
          },
          {
            "result": {
              "status": "skipped"
            },
            "line": 55,
            "name": "Verify all links are working",
            "match": {
              "location": "Settings.verify_all_links_are_working()"
            },
            "keyword": "Then "
          }
        ],
        "tags": [
          {
            "line": 51,
            "name": "@Settings"
          }
        ]
      },
      {
        "line": 58,
        "name": "Verify account settings page",
        "description": "",
        "id": "running-ocusell-dev-server-script;verify-account-settings-page",
        "type": "scenario",
        "keyword": "Scenario",
        "steps": [
          {
            "result": {
              "duration": 40708500,
              "error_message": "org.openqa.selenium.NoSuchElementException: Unable to locate element: .tab\\-list\\-account\nFor documentation on this error, please visit: https://www.seleniumhq.org/exceptions/no_such_element.html\nBuild info: version: \u00273.141.59\u0027, revision: \u0027e82be7d358\u0027, time: \u00272018-11-14T08:25:53\u0027\nSystem info: host: \u0027DESKTOP-QS30KNM\u0027, ip: \u0027192.168.0.10\u0027, os.name: \u0027Windows 10\u0027, os.arch: \u0027amd64\u0027, os.version: \u002710.0\u0027, java.version: \u002715.0.1\u0027\nDriver info: org.openqa.selenium.firefox.FirefoxDriver\nCapabilities {acceptInsecureCerts: true, browserName: firefox, browserVersion: 88.0.1, javascriptEnabled: true, moz:accessibilityChecks: false, moz:buildID: 20210504152106, moz:geckodriverVersion: 0.28.0, moz:headless: false, moz:processID: 1968, moz:profile: C:\\Users\\FE13264\\AppData\\Lo..., moz:shutdownTimeout: 60000, moz:useNonSpecCompliantPointerOrigin: false, moz:webdriverClick: true, pageLoadStrategy: normal, platform: WINDOWS, platformName: WINDOWS, platformVersion: 10.0, rotatable: false, setWindowRect: true, strictFileInteractability: false, timeouts: {implicit: 0, pageLoad: 300000, script: 30000}, unhandledPromptBehavior: dismiss and notify}\nSession ID: 1815a238-161e-4843-8120-6e36a90c0aef\n*** Element info: {Using\u003dclass name, value\u003dtab-list-account}\r\n\tat java.base/jdk.internal.reflect.NativeConstructorAccessorImpl.newInstance0(Native Method)\r\n\tat java.base/jdk.internal.reflect.NativeConstructorAccessorImpl.newInstance(NativeConstructorAccessorImpl.java:64)\r\n\tat java.base/jdk.internal.reflect.DelegatingConstructorAccessorImpl.newInstance(DelegatingConstructorAccessorImpl.java:45)\r\n\tat java.base/java.lang.reflect.Constructor.newInstanceWithCaller(Constructor.java:500)\r\n\tat java.base/java.lang.reflect.Constructor.newInstance(Constructor.java:481)\r\n\tat org.openqa.selenium.remote.http.W3CHttpResponseCodec.createException(W3CHttpResponseCodec.java:187)\r\n\tat org.openqa.selenium.remote.http.W3CHttpResponseCodec.decode(W3CHttpResponseCodec.java:122)\r\n\tat org.openqa.selenium.remote.http.W3CHttpResponseCodec.decode(W3CHttpResponseCodec.java:49)\r\n\tat org.openqa.selenium.remote.HttpCommandExecutor.execute(HttpCommandExecutor.java:158)\r\n\tat org.openqa.selenium.remote.service.DriverCommandExecutor.execute(DriverCommandExecutor.java:83)\r\n\tat org.openqa.selenium.remote.RemoteWebDriver.execute(RemoteWebDriver.java:552)\r\n\tat org.openqa.selenium.remote.RemoteWebDriver.findElement(RemoteWebDriver.java:323)\r\n\tat org.openqa.selenium.remote.RemoteWebDriver.findElementByClassName(RemoteWebDriver.java:412)\r\n\tat org.openqa.selenium.By$ByClassName.findElement(By.java:389)\r\n\tat org.openqa.selenium.remote.RemoteWebDriver.findElement(RemoteWebDriver.java:315)\r\n\tat OcusellPack.AccountSettings.update_field(AccountSettings.java:17)\r\n\tat ✽.Given Update field(ocusell.feature:59)\r\n",
              "status": "failed"
            },
            "line": 59,
            "name": "Update field",
            "match": {
              "location": "AccountSettings.update_field()"
            },
            "keyword": "Given "
          },
          {
            "result": {
              "status": "skipped"
            },
            "line": 60,
            "name": "Click update button",
            "match": {
              "location": "AccountSettings.click_update_button()"
            },
            "keyword": "When "
          },
          {
            "result": {
              "status": "skipped"
            },
            "line": 61,
            "name": "Verify field is updated with recent data",
            "match": {
              "location": "AccountSettings.verify_field_is_updated_with_recent_data()"
            },
            "keyword": "Then "
          }
        ],
        "tags": [
          {
            "line": 57,
            "name": "@AccountSettings"
          }
        ]
      },
      {
        "line": 64,
        "name": "Verify change photo function",
        "description": "",
        "id": "running-ocusell-dev-server-script;verify-change-photo-function",
        "type": "scenario",
        "keyword": "Scenario",
        "steps": [
          {
            "result": {
              "duration": 57995200,
              "error_message": "org.openqa.selenium.NoSuchElementException: Unable to locate element: Photo\nFor documentation on this error, please visit: https://www.seleniumhq.org/exceptions/no_such_element.html\nBuild info: version: \u00273.141.59\u0027, revision: \u0027e82be7d358\u0027, time: \u00272018-11-14T08:25:53\u0027\nSystem info: host: \u0027DESKTOP-QS30KNM\u0027, ip: \u0027192.168.0.10\u0027, os.name: \u0027Windows 10\u0027, os.arch: \u0027amd64\u0027, os.version: \u002710.0\u0027, java.version: \u002715.0.1\u0027\nDriver info: org.openqa.selenium.firefox.FirefoxDriver\nCapabilities {acceptInsecureCerts: true, browserName: firefox, browserVersion: 88.0.1, javascriptEnabled: true, moz:accessibilityChecks: false, moz:buildID: 20210504152106, moz:geckodriverVersion: 0.28.0, moz:headless: false, moz:processID: 1968, moz:profile: C:\\Users\\FE13264\\AppData\\Lo..., moz:shutdownTimeout: 60000, moz:useNonSpecCompliantPointerOrigin: false, moz:webdriverClick: true, pageLoadStrategy: normal, platform: WINDOWS, platformName: WINDOWS, platformVersion: 10.0, rotatable: false, setWindowRect: true, strictFileInteractability: false, timeouts: {implicit: 0, pageLoad: 300000, script: 30000}, unhandledPromptBehavior: dismiss and notify}\nSession ID: 1815a238-161e-4843-8120-6e36a90c0aef\n*** Element info: {Using\u003dpartial link text, value\u003dPhoto}\r\n\tat java.base/jdk.internal.reflect.NativeConstructorAccessorImpl.newInstance0(Native Method)\r\n\tat java.base/jdk.internal.reflect.NativeConstructorAccessorImpl.newInstance(NativeConstructorAccessorImpl.java:64)\r\n\tat java.base/jdk.internal.reflect.DelegatingConstructorAccessorImpl.newInstance(DelegatingConstructorAccessorImpl.java:45)\r\n\tat java.base/java.lang.reflect.Constructor.newInstanceWithCaller(Constructor.java:500)\r\n\tat java.base/java.lang.reflect.Constructor.newInstance(Constructor.java:481)\r\n\tat org.openqa.selenium.remote.http.W3CHttpResponseCodec.createException(W3CHttpResponseCodec.java:187)\r\n\tat org.openqa.selenium.remote.http.W3CHttpResponseCodec.decode(W3CHttpResponseCodec.java:122)\r\n\tat org.openqa.selenium.remote.http.W3CHttpResponseCodec.decode(W3CHttpResponseCodec.java:49)\r\n\tat org.openqa.selenium.remote.HttpCommandExecutor.execute(HttpCommandExecutor.java:158)\r\n\tat org.openqa.selenium.remote.service.DriverCommandExecutor.execute(DriverCommandExecutor.java:83)\r\n\tat org.openqa.selenium.remote.RemoteWebDriver.execute(RemoteWebDriver.java:552)\r\n\tat org.openqa.selenium.remote.RemoteWebDriver.findElement(RemoteWebDriver.java:323)\r\n\tat org.openqa.selenium.remote.RemoteWebDriver.findElementByPartialLinkText(RemoteWebDriver.java:388)\r\n\tat org.openqa.selenium.By$ByPartialLinkText.findElement(By.java:250)\r\n\tat org.openqa.selenium.remote.RemoteWebDriver.findElement(RemoteWebDriver.java:315)\r\n\tat OcusellPack.ChangePhoto.Open_Account_settings_screen(ChangePhoto.java:25)\r\n\tat ✽.Given Open Account settings screen(ocusell.feature:65)\r\n",
              "status": "failed"
            },
            "line": 65,
            "name": "Open Account settings screen",
            "match": {
              "location": "ChangePhoto.Open_Account_settings_screen()"
            },
            "keyword": "Given "
          },
          {
            "result": {
              "status": "skipped"
            },
            "line": 66,
            "name": "Click change photo button",
            "match": {
              "location": "ChangePhoto.click_change_photo_button()"
            },
            "keyword": "When "
          },
          {
            "result": {
              "status": "skipped"
            },
            "line": 67,
            "name": "Upload photo",
            "match": {
              "location": "ChangePhoto.upload_photo()"
            },
            "keyword": "Then "
          }
        ],
        "tags": [
          {
            "line": 63,
            "name": "@ChangePhoto"
          }
        ]
      },
      {
        "line": 70,
        "name": "Verify change password function",
        "description": "",
        "id": "running-ocusell-dev-server-script;verify-change-password-function",
        "type": "scenario",
        "keyword": "Scenario",
        "steps": [
          {
            "result": {
              "duration": 4577029600,
              "error_message": "org.openqa.selenium.NoSuchElementException: Unable to locate element: //*[@class\u003d\u0027modal-container reset-password\u0027]//h3\nFor documentation on this error, please visit: https://www.seleniumhq.org/exceptions/no_such_element.html\nBuild info: version: \u00273.141.59\u0027, revision: \u0027e82be7d358\u0027, time: \u00272018-11-14T08:25:53\u0027\nSystem info: host: \u0027DESKTOP-QS30KNM\u0027, ip: \u0027192.168.0.10\u0027, os.name: \u0027Windows 10\u0027, os.arch: \u0027amd64\u0027, os.version: \u002710.0\u0027, java.version: \u002715.0.1\u0027\nDriver info: org.openqa.selenium.firefox.FirefoxDriver\nCapabilities {acceptInsecureCerts: true, browserName: firefox, browserVersion: 88.0.1, javascriptEnabled: true, moz:accessibilityChecks: false, moz:buildID: 20210504152106, moz:geckodriverVersion: 0.28.0, moz:headless: false, moz:processID: 1968, moz:profile: C:\\Users\\FE13264\\AppData\\Lo..., moz:shutdownTimeout: 60000, moz:useNonSpecCompliantPointerOrigin: false, moz:webdriverClick: true, pageLoadStrategy: normal, platform: WINDOWS, platformName: WINDOWS, platformVersion: 10.0, rotatable: false, setWindowRect: true, strictFileInteractability: false, timeouts: {implicit: 0, pageLoad: 300000, script: 30000}, unhandledPromptBehavior: dismiss and notify}\nSession ID: 1815a238-161e-4843-8120-6e36a90c0aef\n*** Element info: {Using\u003dxpath, value\u003d//*[@class\u003d\u0027modal-container reset-password\u0027]//h3}\r\n\tat java.base/jdk.internal.reflect.NativeConstructorAccessorImpl.newInstance0(Native Method)\r\n\tat java.base/jdk.internal.reflect.NativeConstructorAccessorImpl.newInstance(NativeConstructorAccessorImpl.java:64)\r\n\tat java.base/jdk.internal.reflect.DelegatingConstructorAccessorImpl.newInstance(DelegatingConstructorAccessorImpl.java:45)\r\n\tat java.base/java.lang.reflect.Constructor.newInstanceWithCaller(Constructor.java:500)\r\n\tat java.base/java.lang.reflect.Constructor.newInstance(Constructor.java:481)\r\n\tat org.openqa.selenium.remote.http.W3CHttpResponseCodec.createException(W3CHttpResponseCodec.java:187)\r\n\tat org.openqa.selenium.remote.http.W3CHttpResponseCodec.decode(W3CHttpResponseCodec.java:122)\r\n\tat org.openqa.selenium.remote.http.W3CHttpResponseCodec.decode(W3CHttpResponseCodec.java:49)\r\n\tat org.openqa.selenium.remote.HttpCommandExecutor.execute(HttpCommandExecutor.java:158)\r\n\tat org.openqa.selenium.remote.service.DriverCommandExecutor.execute(DriverCommandExecutor.java:83)\r\n\tat org.openqa.selenium.remote.RemoteWebDriver.execute(RemoteWebDriver.java:552)\r\n\tat org.openqa.selenium.remote.RemoteWebDriver.findElement(RemoteWebDriver.java:323)\r\n\tat org.openqa.selenium.remote.RemoteWebDriver.findElementByXPath(RemoteWebDriver.java:428)\r\n\tat org.openqa.selenium.By$ByXPath.findElement(By.java:353)\r\n\tat org.openqa.selenium.remote.RemoteWebDriver.findElement(RemoteWebDriver.java:315)\r\n\tat OcusellPack.ChangePassword.goto_Account_settings_page_and_open_check_password_popup(ChangePassword.java:19)\r\n\tat ✽.Given Goto Account settings page and open check password popup(ocusell.feature:71)\r\n",
              "status": "failed"
            },
            "line": 71,
            "name": "Goto Account settings page and open check password popup",
            "match": {
              "location": "ChangePassword.goto_Account_settings_page_and_open_check_password_popup()"
            },
            "keyword": "Given "
          },
          {
            "result": {
              "status": "skipped"
            },
            "line": 72,
            "name": "Enter the password field",
            "match": {
              "location": "ChangePassword.enter_the_password_field()"
            },
            "keyword": "When "
          },
          {
            "result": {
              "status": "skipped"
            },
            "line": 73,
            "name": "Verify password updated are working correctly",
            "match": {
              "location": "ChangePassword.verify_password_updated_are_working_correctly()"
            },
            "keyword": "Then "
          }
        ],
        "tags": [
          {
            "line": 69,
            "name": "@ChangePassword"
          }
        ]
      },
      {
        "line": 76,
        "name": "Verify notification bell settings",
        "description": "",
        "id": "running-ocusell-dev-server-script;verify-notification-bell-settings",
        "type": "scenario",
        "keyword": "Scenario",
        "steps": [
          {
            "result": {
              "duration": 27942200,
              "error_message": "org.openqa.selenium.NoSuchElementException: Unable to locate element: //*[@id\u003d\"navbarDropdown\"]/img\nFor documentation on this error, please visit: https://www.seleniumhq.org/exceptions/no_such_element.html\nBuild info: version: \u00273.141.59\u0027, revision: \u0027e82be7d358\u0027, time: \u00272018-11-14T08:25:53\u0027\nSystem info: host: \u0027DESKTOP-QS30KNM\u0027, ip: \u0027192.168.0.10\u0027, os.name: \u0027Windows 10\u0027, os.arch: \u0027amd64\u0027, os.version: \u002710.0\u0027, java.version: \u002715.0.1\u0027\nDriver info: org.openqa.selenium.firefox.FirefoxDriver\nCapabilities {acceptInsecureCerts: true, browserName: firefox, browserVersion: 88.0.1, javascriptEnabled: true, moz:accessibilityChecks: false, moz:buildID: 20210504152106, moz:geckodriverVersion: 0.28.0, moz:headless: false, moz:processID: 1968, moz:profile: C:\\Users\\FE13264\\AppData\\Lo..., moz:shutdownTimeout: 60000, moz:useNonSpecCompliantPointerOrigin: false, moz:webdriverClick: true, pageLoadStrategy: normal, platform: WINDOWS, platformName: WINDOWS, platformVersion: 10.0, rotatable: false, setWindowRect: true, strictFileInteractability: false, timeouts: {implicit: 0, pageLoad: 300000, script: 30000}, unhandledPromptBehavior: dismiss and notify}\nSession ID: 1815a238-161e-4843-8120-6e36a90c0aef\n*** Element info: {Using\u003dxpath, value\u003d//*[@id\u003d\"navbarDropdown\"]/img}\r\n\tat java.base/jdk.internal.reflect.NativeConstructorAccessorImpl.newInstance0(Native Method)\r\n\tat java.base/jdk.internal.reflect.NativeConstructorAccessorImpl.newInstance(NativeConstructorAccessorImpl.java:64)\r\n\tat java.base/jdk.internal.reflect.DelegatingConstructorAccessorImpl.newInstance(DelegatingConstructorAccessorImpl.java:45)\r\n\tat java.base/java.lang.reflect.Constructor.newInstanceWithCaller(Constructor.java:500)\r\n\tat java.base/java.lang.reflect.Constructor.newInstance(Constructor.java:481)\r\n\tat org.openqa.selenium.remote.http.W3CHttpResponseCodec.createException(W3CHttpResponseCodec.java:187)\r\n\tat org.openqa.selenium.remote.http.W3CHttpResponseCodec.decode(W3CHttpResponseCodec.java:122)\r\n\tat org.openqa.selenium.remote.http.W3CHttpResponseCodec.decode(W3CHttpResponseCodec.java:49)\r\n\tat org.openqa.selenium.remote.HttpCommandExecutor.execute(HttpCommandExecutor.java:158)\r\n\tat org.openqa.selenium.remote.service.DriverCommandExecutor.execute(DriverCommandExecutor.java:83)\r\n\tat org.openqa.selenium.remote.RemoteWebDriver.execute(RemoteWebDriver.java:552)\r\n\tat org.openqa.selenium.remote.RemoteWebDriver.findElement(RemoteWebDriver.java:323)\r\n\tat org.openqa.selenium.remote.RemoteWebDriver.findElementByXPath(RemoteWebDriver.java:428)\r\n\tat org.openqa.selenium.By$ByXPath.findElement(By.java:353)\r\n\tat org.openqa.selenium.remote.RemoteWebDriver.findElement(RemoteWebDriver.java:315)\r\n\tat OcusellPack.NotificationBellSettings.click_notification_bell(NotificationBellSettings.java:15)\r\n\tat ✽.Given Click notification bell(ocusell.feature:77)\r\n",
              "status": "failed"
            },
            "line": 77,
            "name": "Click notification bell",
            "match": {
              "location": "NotificationBellSettings.click_notification_bell()"
            },
            "keyword": "Given "
          },
          {
            "result": {
              "status": "skipped"
            },
            "line": 78,
            "name": "Verify notification count on the dropdown",
            "match": {
              "location": "NotificationBellSettings.verify_notification_count_on_the_dropdown()"
            },
            "keyword": "When "
          },
          {
            "result": {
              "status": "skipped"
            },
            "line": 79,
            "name": "Click notification settings icon on the right side of the dropdown",
            "match": {
              "location": "NotificationBellSettings.click_notification_settings_icon_on_the_right_side_of_the_dropdown()"
            },
            "keyword": "Then "
          },
          {
            "result": {
              "status": "skipped"
            },
            "line": 80,
            "name": "Verify enable disable notification",
            "match": {
              "location": "NotificationBellSettings.verify_enable_disable_notification()"
            },
            "keyword": "And "
          }
        ],
        "tags": [
          {
            "line": 75,
            "name": "@NotificationBellSettings"
          }
        ]
      },
      {
        "line": 83,
        "name": "Verify payment settings page",
        "description": "",
        "id": "running-ocusell-dev-server-script;verify-payment-settings-page",
        "type": "scenario",
        "keyword": "Scenario",
        "steps": [
          {
            "result": {
              "duration": 32465800,
              "error_message": "org.openqa.selenium.NoSuchElementException: Unable to locate element: Payment\nFor documentation on this error, please visit: https://www.seleniumhq.org/exceptions/no_such_element.html\nBuild info: version: \u00273.141.59\u0027, revision: \u0027e82be7d358\u0027, time: \u00272018-11-14T08:25:53\u0027\nSystem info: host: \u0027DESKTOP-QS30KNM\u0027, ip: \u0027192.168.0.10\u0027, os.name: \u0027Windows 10\u0027, os.arch: \u0027amd64\u0027, os.version: \u002710.0\u0027, java.version: \u002715.0.1\u0027\nDriver info: org.openqa.selenium.firefox.FirefoxDriver\nCapabilities {acceptInsecureCerts: true, browserName: firefox, browserVersion: 88.0.1, javascriptEnabled: true, moz:accessibilityChecks: false, moz:buildID: 20210504152106, moz:geckodriverVersion: 0.28.0, moz:headless: false, moz:processID: 1968, moz:profile: C:\\Users\\FE13264\\AppData\\Lo..., moz:shutdownTimeout: 60000, moz:useNonSpecCompliantPointerOrigin: false, moz:webdriverClick: true, pageLoadStrategy: normal, platform: WINDOWS, platformName: WINDOWS, platformVersion: 10.0, rotatable: false, setWindowRect: true, strictFileInteractability: false, timeouts: {implicit: 0, pageLoad: 300000, script: 30000}, unhandledPromptBehavior: dismiss and notify}\nSession ID: 1815a238-161e-4843-8120-6e36a90c0aef\n*** Element info: {Using\u003dpartial link text, value\u003dPayment}\r\n\tat java.base/jdk.internal.reflect.NativeConstructorAccessorImpl.newInstance0(Native Method)\r\n\tat java.base/jdk.internal.reflect.NativeConstructorAccessorImpl.newInstance(NativeConstructorAccessorImpl.java:64)\r\n\tat java.base/jdk.internal.reflect.DelegatingConstructorAccessorImpl.newInstance(DelegatingConstructorAccessorImpl.java:45)\r\n\tat java.base/java.lang.reflect.Constructor.newInstanceWithCaller(Constructor.java:500)\r\n\tat java.base/java.lang.reflect.Constructor.newInstance(Constructor.java:481)\r\n\tat org.openqa.selenium.remote.http.W3CHttpResponseCodec.createException(W3CHttpResponseCodec.java:187)\r\n\tat org.openqa.selenium.remote.http.W3CHttpResponseCodec.decode(W3CHttpResponseCodec.java:122)\r\n\tat org.openqa.selenium.remote.http.W3CHttpResponseCodec.decode(W3CHttpResponseCodec.java:49)\r\n\tat org.openqa.selenium.remote.HttpCommandExecutor.execute(HttpCommandExecutor.java:158)\r\n\tat org.openqa.selenium.remote.service.DriverCommandExecutor.execute(DriverCommandExecutor.java:83)\r\n\tat org.openqa.selenium.remote.RemoteWebDriver.execute(RemoteWebDriver.java:552)\r\n\tat org.openqa.selenium.remote.RemoteWebDriver.findElement(RemoteWebDriver.java:323)\r\n\tat org.openqa.selenium.remote.RemoteWebDriver.findElementByPartialLinkText(RemoteWebDriver.java:388)\r\n\tat org.openqa.selenium.By$ByPartialLinkText.findElement(By.java:250)\r\n\tat org.openqa.selenium.remote.RemoteWebDriver.findElement(RemoteWebDriver.java:315)\r\n\tat OcusellPack.PaymentSettings.goto_payment_settings_page(PaymentSettings.java:17)\r\n\tat ✽.Given Goto payment settings page(ocusell.feature:84)\r\n",
              "status": "failed"
            },
            "line": 84,
            "name": "Goto payment settings page",
            "match": {
              "location": "PaymentSettings.goto_payment_settings_page()"
            },
            "keyword": "Given "
          },
          {
            "result": {
              "status": "skipped"
            },
            "line": 85,
            "name": "Verify current plan and verify cancel plan",
            "match": {
              "location": "PaymentSettings.verify_current_plan_and_verify_cancel_plan()"
            },
            "keyword": "When "
          },
          {
            "result": {
              "status": "skipped"
            },
            "line": 86,
            "name": "Verify change card",
            "match": {
              "location": "PaymentSettings.verify_change_card()"
            },
            "keyword": "Then "
          }
        ],
        "tags": [
          {
            "line": 82,
            "name": "@PaymentSettings"
          }
        ]
      },
      {
        "line": 89,
        "name": "Verify sidebar marketplace is looking good",
        "description": "",
        "id": "running-ocusell-dev-server-script;verify-sidebar-marketplace-is-looking-good",
        "type": "scenario",
        "keyword": "Scenario",
        "steps": [
          {
            "result": {
              "status": "undefined"
            },
            "line": 90,
            "name": "Goto marketplace page",
            "match": {},
            "keyword": "Given "
          },
          {
            "result": {
              "status": "undefined"
            },
            "line": 91,
            "name": "Verify search",
            "match": {},
            "keyword": "When "
          },
          {
            "result": {
              "status": "undefined"
            },
            "line": 92,
            "name": "Verify mark as completed checkbox",
            "match": {},
            "keyword": "Then "
          }
        ],
        "tags": [
          {
            "line": 88,
            "name": "@Marketplace"
          }
        ]
      },
      {
        "line": 95,
        "name": "Verify all notifications",
        "description": "",
        "id": "running-ocusell-dev-server-script;verify-all-notifications",
        "type": "scenario",
        "keyword": "Scenario",
        "steps": [
          {
            "result": {
              "duration": 16985600,
              "error_message": "org.openqa.selenium.NoSuchElementException: Unable to locate element: //*[@id\u003d\"navbarDropdown\"]/img\nFor documentation on this error, please visit: https://www.seleniumhq.org/exceptions/no_such_element.html\nBuild info: version: \u00273.141.59\u0027, revision: \u0027e82be7d358\u0027, time: \u00272018-11-14T08:25:53\u0027\nSystem info: host: \u0027DESKTOP-QS30KNM\u0027, ip: \u0027192.168.0.10\u0027, os.name: \u0027Windows 10\u0027, os.arch: \u0027amd64\u0027, os.version: \u002710.0\u0027, java.version: \u002715.0.1\u0027\nDriver info: org.openqa.selenium.firefox.FirefoxDriver\nCapabilities {acceptInsecureCerts: true, browserName: firefox, browserVersion: 88.0.1, javascriptEnabled: true, moz:accessibilityChecks: false, moz:buildID: 20210504152106, moz:geckodriverVersion: 0.28.0, moz:headless: false, moz:processID: 1968, moz:profile: C:\\Users\\FE13264\\AppData\\Lo..., moz:shutdownTimeout: 60000, moz:useNonSpecCompliantPointerOrigin: false, moz:webdriverClick: true, pageLoadStrategy: normal, platform: WINDOWS, platformName: WINDOWS, platformVersion: 10.0, rotatable: false, setWindowRect: true, strictFileInteractability: false, timeouts: {implicit: 0, pageLoad: 300000, script: 30000}, unhandledPromptBehavior: dismiss and notify}\nSession ID: 1815a238-161e-4843-8120-6e36a90c0aef\n*** Element info: {Using\u003dxpath, value\u003d//*[@id\u003d\"navbarDropdown\"]/img}\r\n\tat java.base/jdk.internal.reflect.NativeConstructorAccessorImpl.newInstance0(Native Method)\r\n\tat java.base/jdk.internal.reflect.NativeConstructorAccessorImpl.newInstance(NativeConstructorAccessorImpl.java:64)\r\n\tat java.base/jdk.internal.reflect.DelegatingConstructorAccessorImpl.newInstance(DelegatingConstructorAccessorImpl.java:45)\r\n\tat java.base/java.lang.reflect.Constructor.newInstanceWithCaller(Constructor.java:500)\r\n\tat java.base/java.lang.reflect.Constructor.newInstance(Constructor.java:481)\r\n\tat org.openqa.selenium.remote.http.W3CHttpResponseCodec.createException(W3CHttpResponseCodec.java:187)\r\n\tat org.openqa.selenium.remote.http.W3CHttpResponseCodec.decode(W3CHttpResponseCodec.java:122)\r\n\tat org.openqa.selenium.remote.http.W3CHttpResponseCodec.decode(W3CHttpResponseCodec.java:49)\r\n\tat org.openqa.selenium.remote.HttpCommandExecutor.execute(HttpCommandExecutor.java:158)\r\n\tat org.openqa.selenium.remote.service.DriverCommandExecutor.execute(DriverCommandExecutor.java:83)\r\n\tat org.openqa.selenium.remote.RemoteWebDriver.execute(RemoteWebDriver.java:552)\r\n\tat org.openqa.selenium.remote.RemoteWebDriver.findElement(RemoteWebDriver.java:323)\r\n\tat org.openqa.selenium.remote.RemoteWebDriver.findElementByXPath(RemoteWebDriver.java:428)\r\n\tat org.openqa.selenium.By$ByXPath.findElement(By.java:353)\r\n\tat org.openqa.selenium.remote.RemoteWebDriver.findElement(RemoteWebDriver.java:315)\r\n\tat OcusellPack.AllNotifications.goto_notification_bell_settings(AllNotifications.java:16)\r\n\tat ✽.Given Goto notification bell settings(ocusell.feature:96)\r\n",
              "status": "failed"
            },
            "line": 96,
            "name": "Goto notification bell settings",
            "match": {
              "location": "AllNotifications.goto_notification_bell_settings()"
            },
            "keyword": "Given "
          },
          {
            "result": {
              "status": "skipped"
            },
            "line": 97,
            "name": "Click All notification from dropdown",
            "match": {
              "location": "AllNotifications.click_All_notification_from_dropdown()"
            },
            "keyword": "When "
          },
          {
            "result": {
              "status": "skipped"
            },
            "line": 98,
            "name": "Verify older and latest notifications",
            "match": {
              "location": "AllNotifications.verify_older_and_latest_notifications()"
            },
            "keyword": "Then "
          },
          {
            "result": {
              "status": "skipped"
            },
            "line": 99,
            "name": "Click logout",
            "match": {
              "location": "AllNotifications.Click_logout()"
            },
            "keyword": "And "
          }
        ],
        "tags": [
          {
            "line": 94,
            "name": "@AllNotifications"
          }
        ]
      },
      {
        "line": 102,
        "name": "Verify registration is good",
        "description": "",
        "id": "running-ocusell-dev-server-script;verify-registration-is-good",
        "type": "scenario",
        "keyword": "Scenario",
        "steps": [
          {
            "result": {
              "duration": 16708000,
              "error_message": "org.openqa.selenium.NoSuchElementException: Unable to locate element: //*[@id\u003d\"navbarSupportedContent\"]/div/a[2]\nFor documentation on this error, please visit: https://www.seleniumhq.org/exceptions/no_such_element.html\nBuild info: version: \u00273.141.59\u0027, revision: \u0027e82be7d358\u0027, time: \u00272018-11-14T08:25:53\u0027\nSystem info: host: \u0027DESKTOP-QS30KNM\u0027, ip: \u0027192.168.0.10\u0027, os.name: \u0027Windows 10\u0027, os.arch: \u0027amd64\u0027, os.version: \u002710.0\u0027, java.version: \u002715.0.1\u0027\nDriver info: org.openqa.selenium.firefox.FirefoxDriver\nCapabilities {acceptInsecureCerts: true, browserName: firefox, browserVersion: 88.0.1, javascriptEnabled: true, moz:accessibilityChecks: false, moz:buildID: 20210504152106, moz:geckodriverVersion: 0.28.0, moz:headless: false, moz:processID: 1968, moz:profile: C:\\Users\\FE13264\\AppData\\Lo..., moz:shutdownTimeout: 60000, moz:useNonSpecCompliantPointerOrigin: false, moz:webdriverClick: true, pageLoadStrategy: normal, platform: WINDOWS, platformName: WINDOWS, platformVersion: 10.0, rotatable: false, setWindowRect: true, strictFileInteractability: false, timeouts: {implicit: 0, pageLoad: 300000, script: 30000}, unhandledPromptBehavior: dismiss and notify}\nSession ID: 1815a238-161e-4843-8120-6e36a90c0aef\n*** Element info: {Using\u003dxpath, value\u003d//*[@id\u003d\"navbarSupportedContent\"]/div/a[2]}\r\n\tat java.base/jdk.internal.reflect.NativeConstructorAccessorImpl.newInstance0(Native Method)\r\n\tat java.base/jdk.internal.reflect.NativeConstructorAccessorImpl.newInstance(NativeConstructorAccessorImpl.java:64)\r\n\tat java.base/jdk.internal.reflect.DelegatingConstructorAccessorImpl.newInstance(DelegatingConstructorAccessorImpl.java:45)\r\n\tat java.base/java.lang.reflect.Constructor.newInstanceWithCaller(Constructor.java:500)\r\n\tat java.base/java.lang.reflect.Constructor.newInstance(Constructor.java:481)\r\n\tat org.openqa.selenium.remote.http.W3CHttpResponseCodec.createException(W3CHttpResponseCodec.java:187)\r\n\tat org.openqa.selenium.remote.http.W3CHttpResponseCodec.decode(W3CHttpResponseCodec.java:122)\r\n\tat org.openqa.selenium.remote.http.W3CHttpResponseCodec.decode(W3CHttpResponseCodec.java:49)\r\n\tat org.openqa.selenium.remote.HttpCommandExecutor.execute(HttpCommandExecutor.java:158)\r\n\tat org.openqa.selenium.remote.service.DriverCommandExecutor.execute(DriverCommandExecutor.java:83)\r\n\tat org.openqa.selenium.remote.RemoteWebDriver.execute(RemoteWebDriver.java:552)\r\n\tat org.openqa.selenium.remote.RemoteWebDriver.findElement(RemoteWebDriver.java:323)\r\n\tat org.openqa.selenium.remote.RemoteWebDriver.findElementByXPath(RemoteWebDriver.java:428)\r\n\tat org.openqa.selenium.By$ByXPath.findElement(By.java:353)\r\n\tat org.openqa.selenium.remote.RemoteWebDriver.findElement(RemoteWebDriver.java:315)\r\n\tat OcusellPack.Registration.goto_firststep_and_fill_everything(Registration.java:20)\r\n\tat ✽.Given Goto firststep and fill everything(ocusell.feature:103)\r\n",
              "status": "failed"
            },
            "line": 103,
            "name": "Goto firststep and fill everything",
            "match": {
              "location": "Registration.goto_firststep_and_fill_everything()"
            },
            "keyword": "Given "
          },
          {
            "result": {
              "status": "skipped"
            },
            "line": 104,
            "name": "Choose pricing",
            "match": {
              "location": "Registration.choose_pricing()"
            },
            "keyword": "When "
          },
          {
            "result": {
              "status": "skipped"
            },
            "line": 105,
            "name": "Enter card info then submit",
            "match": {
              "location": "Registration.enter_card_info_then_submit()"
            },
            "keyword": "Then "
          }
        ],
        "tags": [
          {
            "line": 101,
            "name": "@Registration"
          }
        ]
      }
    ],
    "name": "Running ocusell dev server script",
    "description": "",
    "id": "running-ocusell-dev-server-script",
    "keyword": "Feature",
    "uri": "ocusell.feature",
    "tags": [
      {
        "line": 1,
        "name": "@Reggression"
      }
    ]
  }
]